<?xml version="1.0" encoding="UTF-8"?>
<testsuite xmlns:xsi="http://www.w3.org/2001/XMLSchema-instance" xsi:noNamespaceSchemaLocation="https://maven.apache.org/surefire/maven-surefire-plugin/xsd/surefire-test-report-3.0.xsd" version="3.0" name="com.abdul.postdb.dao.impl.BookDaoImplIntegrationTest" time="0.87" tests="4" errors="0" skipped="0" failures="0">
  <properties>
[...]
</properties>
  <testcase name="testThatBookCanBeUpdated" classname="com.abdul.postdb.dao.impl.BookDaoImplIntegrationTest" time="0.016">
    <system-out><![CDATA[2024-07-10T19:08:07.069+03:00  INFO 16360 --- [           main] t.c.s.AnnotationConfigContextLoaderUtils : Could not detect default configuration classes for test class [com.abdul.postdb.dao.impl.BookDaoImplIntegrationTest]: BookDaoImplIntegrationTest does not declare any static, non-private, non-final, nested classes annotated with @Configuration.
2024-07-10T19:08:07.073+03:00  INFO 16360 --- [           main] .b.t.c.SpringBootTestContextBootstrapper : Found @SpringBootConfiguration com.abdul.postdb.PostdbApplication for test class com.abdul.postdb.dao.impl.BookDaoImplIntegrationTest

  .   ____          _            __ _ _
 /\\ / ___'_ __ _ _(_)_ __  __ _ \ \ \ \
( ( )\___ | '_ | '_| | '_ \/ _` | \ \ \ \
 \\/  ___)| |_)| | | | | || (_| |  ) ) ) )
  '  |____| .__|_| |_|_| |_\__, | / / / /
 =========|_|==============|___/=/_/_/_/

 :: Spring Boot ::                (v3.3.1)

2024-07-10T19:08:07.129+03:00  INFO 16360 --- [           main] c.a.p.d.impl.BookDaoImplIntegrationTest  : Starting BookDaoImplIntegrationTest using Java 22.0.1 with PID 16360 (started by abdul in C:\Users\abdul\Desktop\Springboot_Course\postdb)
2024-07-10T19:08:07.129+03:00  INFO 16360 --- [           main] c.a.p.d.impl.BookDaoImplIntegrationTest  : No active profile set, falling back to 1 default profile: "default"
2024-07-10T19:08:07.331+03:00  INFO 16360 --- [           main] com.zaxxer.hikari.HikariDataSource       : HikariPool-5 - Starting...
2024-07-10T19:08:07.333+03:00  INFO 16360 --- [           main] com.zaxxer.hikari.pool.HikariPool        : HikariPool-5 - Added connection conn13: url=jdbc:h2:mem:testdb user=SA
2024-07-10T19:08:07.333+03:00  INFO 16360 --- [           main] com.zaxxer.hikari.HikariDataSource       : HikariPool-5 - Start completed.
2024-07-10T19:08:07.388+03:00  INFO 16360 --- [           main] c.a.p.d.impl.BookDaoImplIntegrationTest  : Started BookDaoImplIntegrationTest in 0.309 seconds (process running for 4.17)
2024-07-10T19:08:07.406+03:00  INFO 16360 --- [           main] com.zaxxer.hikari.HikariDataSource       : HikariPool-5 - Shutdown initiated...
2024-07-10T19:08:07.407+03:00  INFO 16360 --- [           main] com.zaxxer.hikari.HikariDataSource       : HikariPool-5 - Shutdown completed.
]]></system-out>
  </testcase>
  <testcase name="testThatBookCanBeCreatedAndRecalled" classname="com.abdul.postdb.dao.impl.BookDaoImplIntegrationTest" time="0.006">
    <system-out><![CDATA[
  .   ____          _            __ _ _
 /\\ / ___'_ __ _ _(_)_ __  __ _ \ \ \ \
( ( )\___ | '_ | '_| | '_ \/ _` | \ \ \ \
 \\/  ___)| |_)| | | | | || (_| |  ) ) ) )
  '  |____| .__|_| |_|_| |_\__, | / / / /
 =========|_|==============|___/=/_/_/_/

 :: Spring Boot ::                (v3.3.1)

2024-07-10T19:08:07.437+03:00  INFO 16360 --- [           main] c.a.p.d.impl.BookDaoImplIntegrationTest  : Starting BookDaoImplIntegrationTest using Java 22.0.1 with PID 16360 (started by abdul in C:\Users\abdul\Desktop\Springboot_Course\postdb)
2024-07-10T19:08:07.438+03:00  INFO 16360 --- [           main] c.a.p.d.impl.BookDaoImplIntegrationTest  : No active profile set, falling back to 1 default profile: "default"
2024-07-10T19:08:07.568+03:00  INFO 16360 --- [           main] com.zaxxer.hikari.HikariDataSource       : HikariPool-6 - Starting...
2024-07-10T19:08:07.570+03:00  INFO 16360 --- [           main] com.zaxxer.hikari.pool.HikariPool        : HikariPool-6 - Added connection conn14: url=jdbc:h2:mem:testdb user=SA
2024-07-10T19:08:07.570+03:00  INFO 16360 --- [           main] com.zaxxer.hikari.HikariDataSource       : HikariPool-6 - Start completed.
2024-07-10T19:08:07.603+03:00  INFO 16360 --- [           main] c.a.p.d.impl.BookDaoImplIntegrationTest  : Started BookDaoImplIntegrationTest in 0.193 seconds (process running for 4.385)
2024-07-10T19:08:07.610+03:00  INFO 16360 --- [           main] com.zaxxer.hikari.HikariDataSource       : HikariPool-6 - Shutdown initiated...
2024-07-10T19:08:07.610+03:00  INFO 16360 --- [           main] com.zaxxer.hikari.HikariDataSource       : HikariPool-6 - Shutdown completed.
]]></system-out>
  </testcase>
  <testcase name="testThatBookCanBeDeleted" classname="com.abdul.postdb.dao.impl.BookDaoImplIntegrationTest" time="0.006">
    <system-out><![CDATA[
  .   ____          _            __ _ _
 /\\ / ___'_ __ _ _(_)_ __  __ _ \ \ \ \
( ( )\___ | '_ | '_| | '_ \/ _` | \ \ \ \
 \\/  ___)| |_)| | | | | || (_| |  ) ) ) )
  '  |____| .__|_| |_|_| |_\__, | / / / /
 =========|_|==============|___/=/_/_/_/

 :: Spring Boot ::                (v3.3.1)

2024-07-10T19:08:07.635+03:00  INFO 16360 --- [           main] c.a.p.d.impl.BookDaoImplIntegrationTest  : Starting BookDaoImplIntegrationTest using Java 22.0.1 with PID 16360 (started by abdul in C:\Users\abdul\Desktop\Springboot_Course\postdb)
2024-07-10T19:08:07.636+03:00  INFO 16360 --- [           main] c.a.p.d.impl.BookDaoImplIntegrationTest  : No active profile set, falling back to 1 default profile: "default"
2024-07-10T19:08:07.747+03:00  INFO 16360 --- [           main] com.zaxxer.hikari.HikariDataSource       : HikariPool-7 - Starting...
2024-07-10T19:08:07.749+03:00  INFO 16360 --- [           main] com.zaxxer.hikari.pool.HikariPool        : HikariPool-7 - Added connection conn15: url=jdbc:h2:mem:testdb user=SA
2024-07-10T19:08:07.749+03:00  INFO 16360 --- [           main] com.zaxxer.hikari.HikariDataSource       : HikariPool-7 - Start completed.
2024-07-10T19:08:07.775+03:00  INFO 16360 --- [           main] c.a.p.d.impl.BookDaoImplIntegrationTest  : Started BookDaoImplIntegrationTest in 0.162 seconds (process running for 4.558)
2024-07-10T19:08:07.781+03:00  INFO 16360 --- [           main] com.zaxxer.hikari.HikariDataSource       : HikariPool-7 - Shutdown initiated...
2024-07-10T19:08:07.782+03:00  INFO 16360 --- [           main] com.zaxxer.hikari.HikariDataSource       : HikariPool-7 - Shutdown completed.
]]></system-out>
  </testcase>
  <testcase name="testThatMultipleBooksCanBeCreatedAndRecalled" classname="com.abdul.postdb.dao.impl.BookDaoImplIntegrationTest" time="0.005">
    <system-out><![CDATA[
  .   ____          _            __ _ _
 /\\ / ___'_ __ _ _(_)_ __  __ _ \ \ \ \
( ( )\___ | '_ | '_| | '_ \/ _` | \ \ \ \
 \\/  ___)| |_)| | | | | || (_| |  ) ) ) )
  '  |____| .__|_| |_|_| |_\__, | / / / /
 =========|_|==============|___/=/_/_/_/

 :: Spring Boot ::                (v3.3.1)

2024-07-10T19:08:07.803+03:00  INFO 16360 --- [           main] c.a.p.d.impl.BookDaoImplIntegrationTest  : Starting BookDaoImplIntegrationTest using Java 22.0.1 with PID 16360 (started by abdul in C:\Users\abdul\Desktop\Springboot_Course\postdb)
2024-07-10T19:08:07.803+03:00  INFO 16360 --- [           main] c.a.p.d.impl.BookDaoImplIntegrationTest  : No active profile set, falling back to 1 default profile: "default"
2024-07-10T19:08:07.900+03:00  INFO 16360 --- [           main] com.zaxxer.hikari.HikariDataSource       : HikariPool-8 - Starting...
2024-07-10T19:08:07.902+03:00  INFO 16360 --- [           main] com.zaxxer.hikari.pool.HikariPool        : HikariPool-8 - Added connection conn16: url=jdbc:h2:mem:testdb user=SA
2024-07-10T19:08:07.902+03:00  INFO 16360 --- [           main] com.zaxxer.hikari.HikariDataSource       : HikariPool-8 - Start completed.
2024-07-10T19:08:07.926+03:00  INFO 16360 --- [           main] c.a.p.d.impl.BookDaoImplIntegrationTest  : Started BookDaoImplIntegrationTest in 0.142 seconds (process running for 4.709)
2024-07-10T19:08:07.932+03:00  INFO 16360 --- [           main] com.zaxxer.hikari.HikariDataSource       : HikariPool-8 - Shutdown initiated...
2024-07-10T19:08:07.933+03:00  INFO 16360 --- [           main] com.zaxxer.hikari.HikariDataSource       : HikariPool-8 - Shutdown completed.
]]></system-out>
  </testcase>
</testsuite>