<?xml version="1.0" encoding="UTF-8"?>
<testsuite xmlns:xsi="http://www.w3.org/2001/XMLSchema-instance" xsi:noNamespaceSchemaLocation="https://maven.apache.org/surefire/maven-surefire-plugin/xsd/surefire-test-report-3.0.xsd" version="3.0" name="com.abdul.postdb.dao.impl.AuthorDaoImplIntegrationTest" time="2.97" tests="4" errors="0" skipped="0" failures="0">
  <properties>
[...]
</properties>
  <testcase name="testThatAuthorCanBeUpdated" classname="com.abdul.postdb.dao.impl.AuthorDaoImplIntegrationTest" time="0.735">
    <system-out><![CDATA[19:08:03.861 [main] INFO org.springframework.test.context.support.AnnotationConfigContextLoaderUtils -- Could not detect default configuration classes for test class [com.abdul.postdb.dao.impl.AuthorDaoImplIntegrationTest]: AuthorDaoImplIntegrationTest does not declare any static, non-private, non-final, nested classes annotated with @Configuration.
19:08:03.968 [main] INFO org.springframework.boot.test.context.SpringBootTestContextBootstrapper -- Found @SpringBootConfiguration com.abdul.postdb.PostdbApplication for test class com.abdul.postdb.dao.impl.AuthorDaoImplIntegrationTest

  .   ____          _            __ _ _
 /\\ / ___'_ __ _ _(_)_ __  __ _ \ \ \ \
( ( )\___ | '_ | '_| | '_ \/ _` | \ \ \ \
 \\/  ___)| |_)| | | | | || (_| |  ) ) ) )
  '  |____| .__|_| |_|_| |_\__, | / / / /
 =========|_|==============|___/=/_/_/_/

 :: Spring Boot ::                (v3.3.1)

2024-07-10T19:08:04.434+03:00  INFO 16360 --- [           main] c.a.p.d.i.AuthorDaoImplIntegrationTest   : Starting AuthorDaoImplIntegrationTest using Java 22.0.1 with PID 16360 (started by abdul in C:\Users\abdul\Desktop\Springboot_Course\postdb)
2024-07-10T19:08:04.435+03:00  INFO 16360 --- [           main] c.a.p.d.i.AuthorDaoImplIntegrationTest   : No active profile set, falling back to 1 default profile: "default"
2024-07-10T19:08:05.007+03:00  INFO 16360 --- [           main] com.zaxxer.hikari.HikariDataSource       : HikariPool-1 - Starting...
2024-07-10T19:08:05.211+03:00  INFO 16360 --- [           main] com.zaxxer.hikari.pool.HikariPool        : HikariPool-1 - Added connection conn0: url=jdbc:h2:mem:testdb user=SA
2024-07-10T19:08:05.212+03:00  INFO 16360 --- [           main] com.zaxxer.hikari.HikariDataSource       : HikariPool-1 - Start completed.
2024-07-10T19:08:05.362+03:00  INFO 16360 --- [           main] c.a.p.d.i.AuthorDaoImplIntegrationTest   : Started AuthorDaoImplIntegrationTest in 1.268 seconds (process running for 2.144)
2024-07-10T19:08:06.102+03:00  INFO 16360 --- [           main] com.zaxxer.hikari.HikariDataSource       : HikariPool-1 - Shutdown initiated...
2024-07-10T19:08:06.104+03:00  INFO 16360 --- [           main] com.zaxxer.hikari.HikariDataSource       : HikariPool-1 - Shutdown completed.
]]></system-out>
    <system-err><![CDATA[WARNING: A Java agent has been loaded dynamically (C:\Users\abdul\.m2\repository\net\bytebuddy\byte-buddy-agent\1.14.17\byte-buddy-agent-1.14.17.jar)
WARNING: If a serviceability tool is in use, please run with -XX:+EnableDynamicAgentLoading to hide this warning
WARNING: If a serviceability tool is not in use, please run with -Djdk.instrument.traceUsage for more information
WARNING: Dynamic loading of agents will be disallowed by default in a future release
]]></system-err>
  </testcase>
  <testcase name="testThatAuthorCanBeDeleted" classname="com.abdul.postdb.dao.impl.AuthorDaoImplIntegrationTest" time="0.006">
    <system-out><![CDATA[
  .   ____          _            __ _ _
 /\\ / ___'_ __ _ _(_)_ __  __ _ \ \ \ \
( ( )\___ | '_ | '_| | '_ \/ _` | \ \ \ \
 \\/  ___)| |_)| | | | | || (_| |  ) ) ) )
  '  |____| .__|_| |_|_| |_\__, | / / / /
 =========|_|==============|___/=/_/_/_/

 :: Spring Boot ::                (v3.3.1)

2024-07-10T19:08:06.137+03:00  INFO 16360 --- [           main] c.a.p.d.i.AuthorDaoImplIntegrationTest   : Starting AuthorDaoImplIntegrationTest using Java 22.0.1 with PID 16360 (started by abdul in C:\Users\abdul\Desktop\Springboot_Course\postdb)
2024-07-10T19:08:06.138+03:00  INFO 16360 --- [           main] c.a.p.d.i.AuthorDaoImplIntegrationTest   : No active profile set, falling back to 1 default profile: "default"
2024-07-10T19:08:06.271+03:00  INFO 16360 --- [           main] com.zaxxer.hikari.HikariDataSource       : HikariPool-2 - Starting...
2024-07-10T19:08:06.273+03:00  INFO 16360 --- [           main] com.zaxxer.hikari.pool.HikariPool        : HikariPool-2 - Added connection conn10: url=jdbc:h2:mem:testdb user=SA
2024-07-10T19:08:06.273+03:00  INFO 16360 --- [           main] com.zaxxer.hikari.HikariDataSource       : HikariPool-2 - Start completed.
2024-07-10T19:08:06.306+03:00  INFO 16360 --- [           main] c.a.p.d.i.AuthorDaoImplIntegrationTest   : Started AuthorDaoImplIntegrationTest in 0.195 seconds (process running for 3.089)
2024-07-10T19:08:06.313+03:00  INFO 16360 --- [           main] com.zaxxer.hikari.HikariDataSource       : HikariPool-2 - Shutdown initiated...
2024-07-10T19:08:06.313+03:00  INFO 16360 --- [           main] com.zaxxer.hikari.HikariDataSource       : HikariPool-2 - Shutdown completed.
]]></system-out>
  </testcase>
  <testcase name="testThatMultipleAuthorsCanBeCreatedAndRecalled" classname="com.abdul.postdb.dao.impl.AuthorDaoImplIntegrationTest" time="0.015">
    <system-out><![CDATA[
  .   ____          _            __ _ _
 /\\ / ___'_ __ _ _(_)_ __  __ _ \ \ \ \
( ( )\___ | '_ | '_| | '_ \/ _` | \ \ \ \
 \\/  ___)| |_)| | | | | || (_| |  ) ) ) )
  '  |____| .__|_| |_|_| |_\__, | / / / /
 =========|_|==============|___/=/_/_/_/

 :: Spring Boot ::                (v3.3.1)

2024-07-10T19:08:06.337+03:00  INFO 16360 --- [           main] c.a.p.d.i.AuthorDaoImplIntegrationTest   : Starting AuthorDaoImplIntegrationTest using Java 22.0.1 with PID 16360 (started by abdul in C:\Users\abdul\Desktop\Springboot_Course\postdb)
2024-07-10T19:08:06.338+03:00  INFO 16360 --- [           main] c.a.p.d.i.AuthorDaoImplIntegrationTest   : No active profile set, falling back to 1 default profile: "default"
2024-07-10T19:08:06.458+03:00  INFO 16360 --- [           main] com.zaxxer.hikari.HikariDataSource       : HikariPool-3 - Starting...
2024-07-10T19:08:06.460+03:00  INFO 16360 --- [           main] com.zaxxer.hikari.pool.HikariPool        : HikariPool-3 - Added connection conn11: url=jdbc:h2:mem:testdb user=SA
2024-07-10T19:08:06.461+03:00  INFO 16360 --- [           main] com.zaxxer.hikari.HikariDataSource       : HikariPool-3 - Start completed.
2024-07-10T19:08:06.489+03:00  INFO 16360 --- [           main] c.a.p.d.i.AuthorDaoImplIntegrationTest   : Started AuthorDaoImplIntegrationTest in 0.173 seconds (process running for 3.272)
2024-07-10T19:08:06.505+03:00  INFO 16360 --- [           main] com.zaxxer.hikari.HikariDataSource       : HikariPool-3 - Shutdown initiated...
2024-07-10T19:08:06.505+03:00  INFO 16360 --- [           main] com.zaxxer.hikari.HikariDataSource       : HikariPool-3 - Shutdown completed.
]]></system-out>
  </testcase>
  <testcase name="testThatAuthorCanBeCreatedAndRecalled" classname="com.abdul.postdb.dao.impl.AuthorDaoImplIntegrationTest" time="0.004">
    <system-out><![CDATA[
  .   ____          _            __ _ _
 /\\ / ___'_ __ _ _(_)_ __  __ _ \ \ \ \
( ( )\___ | '_ | '_| | '_ \/ _` | \ \ \ \
 \\/  ___)| |_)| | | | | || (_| |  ) ) ) )
  '  |____| .__|_| |_|_| |_\__, | / / / /
 =========|_|==============|___/=/_/_/_/

 :: Spring Boot ::                (v3.3.1)

2024-07-10T19:08:06.525+03:00  INFO 16360 --- [           main] c.a.p.d.i.AuthorDaoImplIntegrationTest   : Starting AuthorDaoImplIntegrationTest using Java 22.0.1 with PID 16360 (started by abdul in C:\Users\abdul\Desktop\Springboot_Course\postdb)
2024-07-10T19:08:06.526+03:00  INFO 16360 --- [           main] c.a.p.d.i.AuthorDaoImplIntegrationTest   : No active profile set, falling back to 1 default profile: "default"
2024-07-10T19:08:06.629+03:00  INFO 16360 --- [           main] com.zaxxer.hikari.HikariDataSource       : HikariPool-4 - Starting...
2024-07-10T19:08:06.635+03:00  INFO 16360 --- [           main] com.zaxxer.hikari.pool.HikariPool        : HikariPool-4 - Added connection conn12: url=jdbc:h2:mem:testdb user=SA
2024-07-10T19:08:06.635+03:00  INFO 16360 --- [           main] com.zaxxer.hikari.HikariDataSource       : HikariPool-4 - Start completed.
2024-07-10T19:08:06.662+03:00  INFO 16360 --- [           main] c.a.p.d.i.AuthorDaoImplIntegrationTest   : Started AuthorDaoImplIntegrationTest in 0.154 seconds (process running for 3.444)
2024-07-10T19:08:06.667+03:00  INFO 16360 --- [           main] com.zaxxer.hikari.HikariDataSource       : HikariPool-4 - Shutdown initiated...
2024-07-10T19:08:06.668+03:00  INFO 16360 --- [           main] com.zaxxer.hikari.HikariDataSource       : HikariPool-4 - Shutdown completed.
]]></system-out>
  </testcase>
</testsuite>